c:\users\abdullah\desktop\re\tos scaffold\x64\release\il2cppdll.pch
c:\users\abdullah\desktop\re\tos scaffold\x64\release\vc143.pdb
c:\users\abdullah\desktop\re\tos scaffold\x64\release\pch-il2cpp.obj
c:\users\abdullah\desktop\re\tos scaffold\x64\release\dllmain.obj
c:\users\abdullah\desktop\re\tos scaffold\x64\release\helpers.obj
c:\users\abdullah\desktop\re\tos scaffold\x64\release\main.obj
c:\users\abdullah\desktop\re\tos scaffold\x64\release\il2cpp-init.obj
c:\users\abdullah\desktop\re\tos scaffold\x64\release\globals.obj
c:\users\abdullah\desktop\re\tos scaffold\x64\release\hooks.obj
c:\users\abdullah\desktop\re\tos scaffold\x64\release\il2cppdll.dll
c:\users\abdullah\desktop\re\tos scaffold\x64\release\il2cppdll.pdb
c:\users\abdullah\desktop\re\tos scaffold\x64\release\il2cppdll.ipdb
c:\users\abdullah\desktop\re\tos scaffold\x64\release\il2cppdll.iobj
c:\users\abdullah\desktop\re\tos scaffold\x64\release\il2cppdll.tlog\cl.command.1.tlog
c:\users\abdullah\desktop\re\tos scaffold\x64\release\il2cppdll.tlog\cl.read.1 (1).tlog
c:\users\abdullah\desktop\re\tos scaffold\x64\release\il2cppdll.tlog\cl.write.1.tlog
c:\users\abdullah\desktop\re\tos scaffold\x64\release\il2cppdll.tlog\link.command.1.tlog
c:\users\abdullah\desktop\re\tos scaffold\x64\release\il2cppdll.tlog\link.read.1.tlog
c:\users\abdullah\desktop\re\tos scaffold\x64\release\il2cppdll.tlog\link.write.1.tlog
c:\users\abdullah\desktop\re\tos scaffold\x64\release\il2cppdll.tlog\link.write.2u.tlog
